ARM GAS  /var/folders/11/xdtqf_dx1yx09tgy7pcbkdzh0000gp/T//cc35LwiU.s 			page 1


   1              		.cpu cortex-m7
   2              		.arch armv7e-m
   3              		.fpu fpv5-d16
   4              		.eabi_attribute 28, 1
   5              		.eabi_attribute 20, 1
   6              		.eabi_attribute 21, 1
   7              		.eabi_attribute 23, 3
   8              		.eabi_attribute 24, 1
   9              		.eabi_attribute 25, 1
  10              		.eabi_attribute 26, 1
  11              		.eabi_attribute 30, 2
  12              		.eabi_attribute 34, 1
  13              		.eabi_attribute 18, 4
  14              		.file	"arm_fir_init_f32.c"
  15              		.text
  16              	.Ltext0:
  17              		.cfi_sections	.debug_frame
  18              		.file 1 "../../libDaisy/Drivers/CMSIS/DSP/Source/FilteringFunctions/arm_fir_init_f32.c"
  19              		.section	.text.arm_fir_init_f32,"ax",%progbits
  20              		.align	1
  21              		.p2align 2,,3
  22              		.global	arm_fir_init_f32
  23              		.syntax unified
  24              		.thumb
  25              		.thumb_func
  27              	arm_fir_init_f32:
  28              	.LVL0:
  29              	.LFB353:
   1:../../libDaisy/Drivers/CMSIS/DSP/Source/FilteringFunctions/arm_fir_init_f32.c **** /* ----------------------------------------------------------------------
   2:../../libDaisy/Drivers/CMSIS/DSP/Source/FilteringFunctions/arm_fir_init_f32.c ****  * Project:      CMSIS DSP Library
   3:../../libDaisy/Drivers/CMSIS/DSP/Source/FilteringFunctions/arm_fir_init_f32.c ****  * Title:        arm_fir_init_f32.c
   4:../../libDaisy/Drivers/CMSIS/DSP/Source/FilteringFunctions/arm_fir_init_f32.c ****  * Description:  Floating-point FIR filter initialization function
   5:../../libDaisy/Drivers/CMSIS/DSP/Source/FilteringFunctions/arm_fir_init_f32.c ****  *
   6:../../libDaisy/Drivers/CMSIS/DSP/Source/FilteringFunctions/arm_fir_init_f32.c ****  * $Date:        27. January 2017
   7:../../libDaisy/Drivers/CMSIS/DSP/Source/FilteringFunctions/arm_fir_init_f32.c ****  * $Revision:    V.1.5.1
   8:../../libDaisy/Drivers/CMSIS/DSP/Source/FilteringFunctions/arm_fir_init_f32.c ****  *
   9:../../libDaisy/Drivers/CMSIS/DSP/Source/FilteringFunctions/arm_fir_init_f32.c ****  * Target Processor: Cortex-M cores
  10:../../libDaisy/Drivers/CMSIS/DSP/Source/FilteringFunctions/arm_fir_init_f32.c ****  * -------------------------------------------------------------------- */
  11:../../libDaisy/Drivers/CMSIS/DSP/Source/FilteringFunctions/arm_fir_init_f32.c **** /*
  12:../../libDaisy/Drivers/CMSIS/DSP/Source/FilteringFunctions/arm_fir_init_f32.c ****  * Copyright (C) 2010-2017 ARM Limited or its affiliates. All rights reserved.
  13:../../libDaisy/Drivers/CMSIS/DSP/Source/FilteringFunctions/arm_fir_init_f32.c ****  *
  14:../../libDaisy/Drivers/CMSIS/DSP/Source/FilteringFunctions/arm_fir_init_f32.c ****  * SPDX-License-Identifier: Apache-2.0
  15:../../libDaisy/Drivers/CMSIS/DSP/Source/FilteringFunctions/arm_fir_init_f32.c ****  *
  16:../../libDaisy/Drivers/CMSIS/DSP/Source/FilteringFunctions/arm_fir_init_f32.c ****  * Licensed under the Apache License, Version 2.0 (the License); you may
  17:../../libDaisy/Drivers/CMSIS/DSP/Source/FilteringFunctions/arm_fir_init_f32.c ****  * not use this file except in compliance with the License.
  18:../../libDaisy/Drivers/CMSIS/DSP/Source/FilteringFunctions/arm_fir_init_f32.c ****  * You may obtain a copy of the License at
  19:../../libDaisy/Drivers/CMSIS/DSP/Source/FilteringFunctions/arm_fir_init_f32.c ****  *
  20:../../libDaisy/Drivers/CMSIS/DSP/Source/FilteringFunctions/arm_fir_init_f32.c ****  * www.apache.org/licenses/LICENSE-2.0
  21:../../libDaisy/Drivers/CMSIS/DSP/Source/FilteringFunctions/arm_fir_init_f32.c ****  *
  22:../../libDaisy/Drivers/CMSIS/DSP/Source/FilteringFunctions/arm_fir_init_f32.c ****  * Unless required by applicable law or agreed to in writing, software
  23:../../libDaisy/Drivers/CMSIS/DSP/Source/FilteringFunctions/arm_fir_init_f32.c ****  * distributed under the License is distributed on an AS IS BASIS, WITHOUT
  24:../../libDaisy/Drivers/CMSIS/DSP/Source/FilteringFunctions/arm_fir_init_f32.c ****  * WARRANTIES OR CONDITIONS OF ANY KIND, either express or implied.
  25:../../libDaisy/Drivers/CMSIS/DSP/Source/FilteringFunctions/arm_fir_init_f32.c ****  * See the License for the specific language governing permissions and
  26:../../libDaisy/Drivers/CMSIS/DSP/Source/FilteringFunctions/arm_fir_init_f32.c ****  * limitations under the License.
  27:../../libDaisy/Drivers/CMSIS/DSP/Source/FilteringFunctions/arm_fir_init_f32.c ****  */
  28:../../libDaisy/Drivers/CMSIS/DSP/Source/FilteringFunctions/arm_fir_init_f32.c **** 
  29:../../libDaisy/Drivers/CMSIS/DSP/Source/FilteringFunctions/arm_fir_init_f32.c **** #include "arm_math.h"
ARM GAS  /var/folders/11/xdtqf_dx1yx09tgy7pcbkdzh0000gp/T//cc35LwiU.s 			page 2


  30:../../libDaisy/Drivers/CMSIS/DSP/Source/FilteringFunctions/arm_fir_init_f32.c **** 
  31:../../libDaisy/Drivers/CMSIS/DSP/Source/FilteringFunctions/arm_fir_init_f32.c **** /**
  32:../../libDaisy/Drivers/CMSIS/DSP/Source/FilteringFunctions/arm_fir_init_f32.c ****  * @ingroup groupFilters
  33:../../libDaisy/Drivers/CMSIS/DSP/Source/FilteringFunctions/arm_fir_init_f32.c ****  */
  34:../../libDaisy/Drivers/CMSIS/DSP/Source/FilteringFunctions/arm_fir_init_f32.c **** 
  35:../../libDaisy/Drivers/CMSIS/DSP/Source/FilteringFunctions/arm_fir_init_f32.c **** /**
  36:../../libDaisy/Drivers/CMSIS/DSP/Source/FilteringFunctions/arm_fir_init_f32.c ****  * @addtogroup FIR
  37:../../libDaisy/Drivers/CMSIS/DSP/Source/FilteringFunctions/arm_fir_init_f32.c ****  * @{
  38:../../libDaisy/Drivers/CMSIS/DSP/Source/FilteringFunctions/arm_fir_init_f32.c ****  */
  39:../../libDaisy/Drivers/CMSIS/DSP/Source/FilteringFunctions/arm_fir_init_f32.c **** 
  40:../../libDaisy/Drivers/CMSIS/DSP/Source/FilteringFunctions/arm_fir_init_f32.c **** /**
  41:../../libDaisy/Drivers/CMSIS/DSP/Source/FilteringFunctions/arm_fir_init_f32.c ****  * @details
  42:../../libDaisy/Drivers/CMSIS/DSP/Source/FilteringFunctions/arm_fir_init_f32.c ****  *
  43:../../libDaisy/Drivers/CMSIS/DSP/Source/FilteringFunctions/arm_fir_init_f32.c ****  * @param[in,out] *S points to an instance of the floating-point FIR filter structure.
  44:../../libDaisy/Drivers/CMSIS/DSP/Source/FilteringFunctions/arm_fir_init_f32.c ****  * @param[in] 	  numTaps  Number of filter coefficients in the filter.
  45:../../libDaisy/Drivers/CMSIS/DSP/Source/FilteringFunctions/arm_fir_init_f32.c ****  * @param[in]     *pCoeffs points to the filter coefficients buffer.
  46:../../libDaisy/Drivers/CMSIS/DSP/Source/FilteringFunctions/arm_fir_init_f32.c ****  * @param[in]     *pState points to the state buffer.
  47:../../libDaisy/Drivers/CMSIS/DSP/Source/FilteringFunctions/arm_fir_init_f32.c ****  * @param[in] 	  blockSize number of samples that are processed per call.
  48:../../libDaisy/Drivers/CMSIS/DSP/Source/FilteringFunctions/arm_fir_init_f32.c ****  * @return 		  none.
  49:../../libDaisy/Drivers/CMSIS/DSP/Source/FilteringFunctions/arm_fir_init_f32.c ****  *
  50:../../libDaisy/Drivers/CMSIS/DSP/Source/FilteringFunctions/arm_fir_init_f32.c ****  * <b>Description:</b>
  51:../../libDaisy/Drivers/CMSIS/DSP/Source/FilteringFunctions/arm_fir_init_f32.c ****  * \par
  52:../../libDaisy/Drivers/CMSIS/DSP/Source/FilteringFunctions/arm_fir_init_f32.c ****  * <code>pCoeffs</code> points to the array of filter coefficients stored in time reversed order:
  53:../../libDaisy/Drivers/CMSIS/DSP/Source/FilteringFunctions/arm_fir_init_f32.c ****  * <pre>
  54:../../libDaisy/Drivers/CMSIS/DSP/Source/FilteringFunctions/arm_fir_init_f32.c ****  *    {b[numTaps-1], b[numTaps-2], b[N-2], ..., b[1], b[0]}
  55:../../libDaisy/Drivers/CMSIS/DSP/Source/FilteringFunctions/arm_fir_init_f32.c ****  * </pre>
  56:../../libDaisy/Drivers/CMSIS/DSP/Source/FilteringFunctions/arm_fir_init_f32.c ****  * \par
  57:../../libDaisy/Drivers/CMSIS/DSP/Source/FilteringFunctions/arm_fir_init_f32.c ****  * <code>pState</code> points to the array of state variables.
  58:../../libDaisy/Drivers/CMSIS/DSP/Source/FilteringFunctions/arm_fir_init_f32.c ****  * <code>pState</code> is of length <code>numTaps+blockSize-1</code> samples, where <code>blockSize
  59:../../libDaisy/Drivers/CMSIS/DSP/Source/FilteringFunctions/arm_fir_init_f32.c ****  */
  60:../../libDaisy/Drivers/CMSIS/DSP/Source/FilteringFunctions/arm_fir_init_f32.c **** 
  61:../../libDaisy/Drivers/CMSIS/DSP/Source/FilteringFunctions/arm_fir_init_f32.c **** void arm_fir_init_f32(
  62:../../libDaisy/Drivers/CMSIS/DSP/Source/FilteringFunctions/arm_fir_init_f32.c ****   arm_fir_instance_f32 * S,
  63:../../libDaisy/Drivers/CMSIS/DSP/Source/FilteringFunctions/arm_fir_init_f32.c ****   uint16_t numTaps,
  64:../../libDaisy/Drivers/CMSIS/DSP/Source/FilteringFunctions/arm_fir_init_f32.c ****   float32_t * pCoeffs,
  65:../../libDaisy/Drivers/CMSIS/DSP/Source/FilteringFunctions/arm_fir_init_f32.c ****   float32_t * pState,
  66:../../libDaisy/Drivers/CMSIS/DSP/Source/FilteringFunctions/arm_fir_init_f32.c ****   uint32_t blockSize)
  67:../../libDaisy/Drivers/CMSIS/DSP/Source/FilteringFunctions/arm_fir_init_f32.c **** {
  30              		.loc 1 67 1 view -0
  31              		.cfi_startproc
  32              		@ args = 4, pretend = 0, frame = 0
  33              		@ frame_needed = 0, uses_anonymous_args = 0
  68:../../libDaisy/Drivers/CMSIS/DSP/Source/FilteringFunctions/arm_fir_init_f32.c ****   /* Assign filter taps */
  69:../../libDaisy/Drivers/CMSIS/DSP/Source/FilteringFunctions/arm_fir_init_f32.c ****   S->numTaps = numTaps;
  34              		.loc 1 69 3 view .LVU1
  67:../../libDaisy/Drivers/CMSIS/DSP/Source/FilteringFunctions/arm_fir_init_f32.c ****   /* Assign filter taps */
  35              		.loc 1 67 1 is_stmt 0 view .LVU2
  36 0000 10B5     		push	{r4, lr}
  37              		.cfi_def_cfa_offset 8
  38              		.cfi_offset 4, -8
  39              		.cfi_offset 14, -4
  67:../../libDaisy/Drivers/CMSIS/DSP/Source/FilteringFunctions/arm_fir_init_f32.c ****   /* Assign filter taps */
  40              		.loc 1 67 1 view .LVU3
  41 0002 029C     		ldr	r4, [sp, #8]
  70:../../libDaisy/Drivers/CMSIS/DSP/Source/FilteringFunctions/arm_fir_init_f32.c **** 
  71:../../libDaisy/Drivers/CMSIS/DSP/Source/FilteringFunctions/arm_fir_init_f32.c ****   /* Assign coefficient pointer */
  72:../../libDaisy/Drivers/CMSIS/DSP/Source/FilteringFunctions/arm_fir_init_f32.c ****   S->pCoeffs = pCoeffs;
ARM GAS  /var/folders/11/xdtqf_dx1yx09tgy7pcbkdzh0000gp/T//cc35LwiU.s 			page 3


  73:../../libDaisy/Drivers/CMSIS/DSP/Source/FilteringFunctions/arm_fir_init_f32.c **** 
  74:../../libDaisy/Drivers/CMSIS/DSP/Source/FilteringFunctions/arm_fir_init_f32.c ****   /* Clear state buffer and the size of state buffer is (blockSize + numTaps - 1) */
  75:../../libDaisy/Drivers/CMSIS/DSP/Source/FilteringFunctions/arm_fir_init_f32.c ****   memset(pState, 0, (numTaps + (blockSize - 1u)) * sizeof(float32_t));
  42              		.loc 1 75 30 view .LVU4
  43 0004 04F1FF3C 		add	ip, r4, #-1
  67:../../libDaisy/Drivers/CMSIS/DSP/Source/FilteringFunctions/arm_fir_init_f32.c ****   /* Assign filter taps */
  44              		.loc 1 67 1 view .LVU5
  45 0008 0446     		mov	r4, r0
  46 000a 1046     		mov	r0, r2
  47              	.LVL1:
  48              		.loc 1 75 30 view .LVU6
  49 000c 0CEB0102 		add	r2, ip, r1
  50              	.LVL2:
  69:../../libDaisy/Drivers/CMSIS/DSP/Source/FilteringFunctions/arm_fir_init_f32.c **** 
  51              		.loc 1 69 14 view .LVU7
  52 0010 2180     		strh	r1, [r4]	@ movhi
  72:../../libDaisy/Drivers/CMSIS/DSP/Source/FilteringFunctions/arm_fir_init_f32.c **** 
  53              		.loc 1 72 3 is_stmt 1 view .LVU8
  72:../../libDaisy/Drivers/CMSIS/DSP/Source/FilteringFunctions/arm_fir_init_f32.c **** 
  54              		.loc 1 72 14 is_stmt 0 view .LVU9
  55 0012 A060     		str	r0, [r4, #8]
  56              		.loc 1 75 3 is_stmt 1 view .LVU10
  57 0014 0021     		movs	r1, #0
  58              	.LVL3:
  59              		.loc 1 75 3 is_stmt 0 view .LVU11
  60 0016 9200     		lsls	r2, r2, #2
  61 0018 1846     		mov	r0, r3
  62              	.LVL4:
  63              		.loc 1 75 3 view .LVU12
  64 001a FFF7FEFF 		bl	memset
  65              	.LVL5:
  76:../../libDaisy/Drivers/CMSIS/DSP/Source/FilteringFunctions/arm_fir_init_f32.c **** 
  77:../../libDaisy/Drivers/CMSIS/DSP/Source/FilteringFunctions/arm_fir_init_f32.c ****   /* Assign state pointer */
  78:../../libDaisy/Drivers/CMSIS/DSP/Source/FilteringFunctions/arm_fir_init_f32.c ****   S->pState = pState;
  66              		.loc 1 78 3 is_stmt 1 view .LVU13
  67              		.loc 1 78 13 is_stmt 0 view .LVU14
  68 001e 6060     		str	r0, [r4, #4]
  79:../../libDaisy/Drivers/CMSIS/DSP/Source/FilteringFunctions/arm_fir_init_f32.c **** 
  80:../../libDaisy/Drivers/CMSIS/DSP/Source/FilteringFunctions/arm_fir_init_f32.c **** }
  69              		.loc 1 80 1 view .LVU15
  70 0020 10BD     		pop	{r4, pc}
  71              		.loc 1 80 1 view .LVU16
  72              		.cfi_endproc
  73              	.LFE353:
  75 0022 00BF     		.text
  76              	.Letext0:
  77              		.file 2 "/Applications/ArmGNUToolchain/14.2.rel1/arm-none-eabi/arm-none-eabi/include/machine/_defa
  78              		.file 3 "/Applications/ArmGNUToolchain/14.2.rel1/arm-none-eabi/arm-none-eabi/include/sys/_stdint.h
  79              		.file 4 "../../libDaisy/Drivers/CMSIS/DSP/Include/arm_math.h"
  80              		.file 5 "/Applications/ArmGNUToolchain/14.2.rel1/arm-none-eabi/arm-none-eabi/include/string.h"
  81              		.file 6 "<built-in>"
ARM GAS  /var/folders/11/xdtqf_dx1yx09tgy7pcbkdzh0000gp/T//cc35LwiU.s 			page 4


DEFINED SYMBOLS
                            *ABS*:00000000 arm_fir_init_f32.c
/var/folders/11/xdtqf_dx1yx09tgy7pcbkdzh0000gp/T//cc35LwiU.s:20     .text.arm_fir_init_f32:00000000 $t
/var/folders/11/xdtqf_dx1yx09tgy7pcbkdzh0000gp/T//cc35LwiU.s:27     .text.arm_fir_init_f32:00000000 arm_fir_init_f32

UNDEFINED SYMBOLS
memset
